<?xml version="1.0" encoding="UTF-8"?>
<!-- Generated by org.testng.reporters.JUnitReportReporter -->
<testsuite skipped="0" hostname="WKWIN8821446" name="com.API.test.postAPI" tests="1" failures="0" timestamp="2019-09-18T15:23:50 IST" time="1.802" errors="0">
  <testcase name="postAPI" time="1.802" classname="com.API.test.postAPI"/>
</testsuite> <!-- com.API.test.postAPI -->
