<?xml version="1.0" encoding="UTF-8"?>
<!-- Generated by org.testng.reporters.JUnitReportReporter -->
<testsuite skipped="0" hostname="WKWIN8821446" name="com.API.test.getAPI" tests="2" failures="0" timestamp="2019-09-20T12:22:17 IST" time="7.814" errors="0">
  <testcase name="getApiTest" time="7.369" classname="com.API.test.getAPI"/>
  <testcase name="getApiTestWithHeader" time="0.445" classname="com.API.test.getAPI"/>
</testsuite> <!-- com.API.test.getAPI -->
