<?xml version="1.0" encoding="UTF-8"?>
<!-- Generated by org.testng.reporters.JUnitReportReporter -->
<testsuite skipped="0" hostname="WKWIN8821446" name="com.API.test.TestAPI" tests="1" failures="0" timestamp="2019-09-16T15:56:56 IST" time="7.338" errors="0">
  <testcase name="getApiTest" time="7.338" classname="com.API.test.TestAPI"/>
</testsuite> <!-- com.API.test.TestAPI -->
